offerwall_module/flutter_offerwall_module/.android/plugins_build_output/eums/intermediates/manifest_merge_blame_file/debug/manifest-merger-blame-debug-report.txt
1<?xml version="1.0" encoding="utf-8"?>
2<manifest xmlns:android="http://schemas.android.com/apk/res/android"
3    xmlns:tools="http://schemas.android.com/tools"
4    package="com.example.eums" >
5
6    <uses-sdk
7        android:minSdkVersion="21"
7-->src/main/AndroidManifest.xml
8        android:targetSdkVersion="21" />
8-->src/main/AndroidManifest.xml
9
10    <uses-permission android:name="android.permission.SYSTEM_ALERT_WINDOW" />
10-->src/main/AndroidManifest.xml:7:3-76
10-->src/main/AndroidManifest.xml:7:20-73
11    <uses-permission android:name="android.permission.INTERNET" />
11-->src/main/AndroidManifest.xml:8:3-65
11-->src/main/AndroidManifest.xml:8:20-62
12    <uses-permission android:name="android.permission.FOREGROUND_SERVICE" />
12-->src/main/AndroidManifest.xml:9:3-75
12-->src/main/AndroidManifest.xml:9:20-72
13    <uses-permission android:name="android.permission.WAKE_LOCK" />
13-->src/main/AndroidManifest.xml:10:3-66
13-->src/main/AndroidManifest.xml:10:20-63
14    <uses-permission android:name="android.permission.RECEIVE_BOOT_COMPLETED" />
14-->src/main/AndroidManifest.xml:11:3-79
14-->src/main/AndroidManifest.xml:11:20-76
15    <uses-permission android:name="android.permission.ACCESS_COARSE_LOCATION" />
15-->src/main/AndroidManifest.xml:12:3-79
15-->src/main/AndroidManifest.xml:12:20-76
16    <uses-permission android:name="android.permission.ACCESS_FINE_LOCATION" />
16-->src/main/AndroidManifest.xml:13:3-77
16-->src/main/AndroidManifest.xml:13:20-74
17    <uses-permission android:name="android.permission.ACCESS_BACKGROUND_LOCATION" />
17-->src/main/AndroidManifest.xml:14:3-16:5
17-->src/main/AndroidManifest.xml:15:5-65
18    <uses-permission android:name="android.permission.REQUEST_INSTALL_PACKAGES" />
18-->src/main/AndroidManifest.xml:17:3-81
18-->src/main/AndroidManifest.xml:17:20-78
19    <uses-permission android:name="android.permission.ACCESS_NETWORK_STATE" />
19-->src/main/AndroidManifest.xml:18:3-77
19-->src/main/AndroidManifest.xml:18:20-74
20    <!--
21  <uses-permission android:name="android.permission.BLUETOOTH" />
22  <uses-permission android:name="android.permission.BLUETOOTH_ADMIN" />
23  <uses-permission android:name="android.permission.BLUETOOTH_CONNECT" />
24  <uses-permission android:name="android.permission.BLUETOOTH_ADVERTISE" />
25  <uses-permission android:name="android.permission.BLUETOOTH_SCAN" />
26    -->
27    <uses-permission android:name="android.permission.GET_ACCOUNTS" />
27-->src/main/AndroidManifest.xml:24:3-69
27-->src/main/AndroidManifest.xml:24:20-66
28    <uses-permission android:name="android.permission.WRITE_EXTERNAL_STORAGE" />
28-->src/main/AndroidManifest.xml:25:3-79
28-->src/main/AndroidManifest.xml:25:20-76
29    <uses-permission android:name="android.permission.READ_EXTERNAL_STORAGE" />
29-->src/main/AndroidManifest.xml:26:3-78
29-->src/main/AndroidManifest.xml:26:20-75
30    <uses-permission android:name="android.permission.READ_PHONE_STATE" />
30-->src/main/AndroidManifest.xml:27:3-73
30-->src/main/AndroidManifest.xml:27:20-70
31    <uses-permission android:name="android.permission.ACCESS_WIFI_STATE" />
31-->src/main/AndroidManifest.xml:28:3-74
31-->src/main/AndroidManifest.xml:28:20-71
32    <uses-permission android:name="com.google.android.finsky.permission.BIND_GET_INSTALL_REFERRER_SERVICE" />
32-->src/main/AndroidManifest.xml:29:3-31:5
32-->src/main/AndroidManifest.xml:30:5-90
33    <uses-permission
33-->src/main/AndroidManifest.xml:32:3-35:5
34        android:name="android.permission.USE_EXACT_ALARM"
34-->src/main/AndroidManifest.xml:34:5-54
35        android:minSdkVersion="34" />
35-->src/main/AndroidManifest.xml:33:5-31
36
37    <application android:usesCleartextTraffic="true" >
37-->src/main/AndroidManifest.xml:36:3-99:17
37-->src/main/AndroidManifest.xml:36:16-51
38        <service
38-->src/main/AndroidManifest.xml:40:5-43:7
39            android:name="flutter.overlay.window.flutter_overlay_window.OverlayService"
39-->src/main/AndroidManifest.xml:41:7-82
40            android:exported="false" />
40-->src/main/AndroidManifest.xml:42:7-31
41        <service
41-->src/main/AndroidManifest.xml:44:5-47:7
42            android:name="com.pravera.flutter_foreground_task.service.ForegroundService"
42-->src/main/AndroidManifest.xml:45:7-83
43            android:stopWithTask="true" />
43-->src/main/AndroidManifest.xml:46:7-34
44
45        <activity
45-->src/main/AndroidManifest.xml:48:5-58:16
46            android:name="com.nextapps.naswall.NASWallBrowser"
46-->src/main/AndroidManifest.xml:49:7-57
47            android:configChanges="keyboardHidden|orientation|screenSize"
47-->src/main/AndroidManifest.xml:50:7-68
48            android:exported="true" >
48-->src/main/AndroidManifest.xml:51:7-30
49            <intent-filter tools:ignore="AppLinkUrlError" >
49-->src/main/AndroidManifest.xml:53:7-57:23
49-->src/main/AndroidManifest.xml:53:22-52
50                <action android:name="android.intent.action.VIEW" />
50-->src/main/AndroidManifest.xml:54:9-61
50-->src/main/AndroidManifest.xml:54:17-58
51
52                <category android:name="android.intent.category.DEFAULT" />
52-->src/main/AndroidManifest.xml:55:9-68
52-->src/main/AndroidManifest.xml:55:19-65
53                <category android:name="android.intent.category.BROWSABLE" />
53-->src/main/AndroidManifest.xml:56:9-70
53-->src/main/AndroidManifest.xml:56:19-67
54            </intent-filter>
55        </activity>
56
57        <meta-data
57-->src/main/AndroidManifest.xml:61:5-79
58            android:name="partner_id"
58-->src/main/AndroidManifest.xml:61:16-41
59            android:value="15395-20230512-881" />
59-->src/main/AndroidManifest.xml:61:42-76
60        <meta-data
60-->src/main/AndroidManifest.xml:62:5-65:7
61            android:name="title_color"
61-->src/main/AndroidManifest.xml:63:7-33
62            android:value="#00e0e0" />
62-->src/main/AndroidManifest.xml:64:7-30
63        <!--
64      타이틀 텍트스 크기 설정 (dp 단위,
65        미설정 시 21dp)
66        -->
67        <meta-data
67-->src/main/AndroidManifest.xml:67:5-63
68            android:name="title_size"
68-->src/main/AndroidManifest.xml:67:16-41
69            android:value="21" />
69-->src/main/AndroidManifest.xml:67:42-60
70        <!-- 닫기 버튼의 위치 (L: 좌측, R 또는 미설정 시 우측) -->
71        <meta-data
71-->src/main/AndroidManifest.xml:69:5-67
72            android:name="title_close_pos"
72-->src/main/AndroidManifest.xml:69:16-46
73            android:value="R" />
73-->src/main/AndroidManifest.xml:69:47-64
74        <!-- 닫기 버튼의 좌/우 마진 (dp 단위, 미설정 시 기본 15dp) -->
75        <meta-data
75-->src/main/AndroidManifest.xml:71:5-74:7
76            android:name="title_close_margin"
76-->src/main/AndroidManifest.xml:72:7-40
77            android:value="15" /> <!-- 타이틀 높이 (dp 단위) -->
77-->src/main/AndroidManifest.xml:73:7-25
78        <meta-data
78-->src/main/AndroidManifest.xml:75:5-65
79            android:name="title_height"
79-->src/main/AndroidManifest.xml:75:16-43
80            android:value="50" />
80-->src/main/AndroidManifest.xml:75:44-62
81        <!-- 닫기 버튼의 width (dp 단위) -->
82        <meta-data
82-->src/main/AndroidManifest.xml:77:5-80:7
83            android:name="title_close_width"
83-->src/main/AndroidManifest.xml:78:7-39
84            android:value="20" /> <!-- 닫기 버튼의 height (dp 단위) -->
84-->src/main/AndroidManifest.xml:79:7-25
85        <meta-data
85-->src/main/AndroidManifest.xml:81:5-71
86            android:name="title_close_height"
86-->src/main/AndroidManifest.xml:81:16-49
87            android:value="20" />
87-->src/main/AndroidManifest.xml:81:50-68
88
89        <!--
90         Don't delete the meta-data below.
91             This is used by the Flutter tool to generate GeneratedPluginRegistrant.java
92        -->
93        <meta-data
93-->src/main/AndroidManifest.xml:87:5-68
94            android:name="flutterEmbedding"
94-->src/main/AndroidManifest.xml:87:16-47
95            android:value="2" />
95-->src/main/AndroidManifest.xml:87:48-65
96        <meta-data
96-->src/main/AndroidManifest.xml:89:5-92:7
97            android:name="firebase_messaging_auto_init_enabled"
97-->src/main/AndroidManifest.xml:90:7-58
98            android:value="true" />
98-->src/main/AndroidManifest.xml:91:7-27
99        <meta-data
99-->src/main/AndroidManifest.xml:93:5-96:7
100            android:name="firebase_analytics_collection_enabled"
100-->src/main/AndroidManifest.xml:94:7-59
101            android:value="false" />
101-->src/main/AndroidManifest.xml:95:7-28
102    </application>
103
104</manifest>